# JRE version: Java(TM) SE Runtime Environment (8.0_111-b14) (build 1.8.0_111-b14)
# Java VM: Java HotSpot(TM) 64-Bit Server VM (25.111-b14 mixed mode windows-amd64 compressed oops)
Heap:
 PSYoungGen      total 28672K, used 28316K [0x00000000d6000000, 0x00000000d8f80000, 0x0000000100000000)
  eden space 28160K, 99% used [0x00000000d6000000,0x00000000d7b5f310,0x00000000d7b80000)
  from space 512K, 56% used [0x00000000d7c00000,0x00000000d7c48000,0x00000000d7c80000)
  to   space 10240K, 0% used [0x00000000d8580000,0x00000000d8580000,0x00000000d8f80000)
 ParOldGen       total 41472K, used 5646K [0x0000000082000000, 0x0000000084880000, 0x00000000d6000000)
  object space 41472K, 13% used [0x0000000082000000,0x0000000082583a10,0x0000000084880000)
 Metaspace       used 21390K, capacity 21624K, committed 21808K, reserved 1069056K
  class space    used 2563K, capacity 2633K, committed 2688K, reserved 1048576K
GC Heap History (10 events):
Event: 223.067 GC heap before
{Heap before GC invocations=10 (full 1):
 PSYoungGen      total 40448K, used 31008K [0x00000000d6000000, 0x00000000d9200000, 0x0000000100000000)
  eden space 30720K, 100% used [0x00000000d6000000,0x00000000d7e00000,0x00000000d7e00000)
  from space 9728K, 2% used [0x00000000d8800000,0x00000000d8848000,0x00000000d9180000)
  to   space 10240K, 0% used [0x00000000d7e00000,0x00000000d7e00000,0x00000000d8800000)
 ParOldGen       total 41472K, used 5478K [0x0000000082000000, 0x0000000084880000, 0x00000000d6000000)
  object space 41472K, 13% used [0x0000000082000000,0x0000000082559a10,0x0000000084880000)
 Metaspace       used 21290K, capacity 21560K, committed 21808K, reserved 1069056K
  class space    used 2563K, capacity 2633K, committed 2688K, reserved 1048576K
Event: 223.069 GC heap after
Heap after GC invocations=10 (full 1):
 PSYoungGen      total 30720K, used 352K [0x00000000d6000000, 0x00000000d9180000, 0x0000000100000000)
  eden space 30208K, 0% used [0x00000000d6000000,0x00000000d6000000,0x00000000d7d80000)
  from space 512K, 68% used [0x00000000d7e00000,0x00000000d7e58000,0x00000000d7e80000)
  to   space 10240K, 0% used [0x00000000d8780000,0x00000000d8780000,0x00000000d9180000)
 ParOldGen       total 41472K, used 5478K [0x0000000082000000, 0x0000000084880000, 0x00000000d6000000)
  object space 41472K, 13% used [0x0000000082000000,0x0000000082559a10,0x0000000084880000)
 Metaspace       used 21290K, capacity 21560K, committed 21808K, reserved 1069056K
  class space    used 2563K, capacity 2633K, committed 2688K, reserved 1048576K
}
Event: 301.469 GC heap before
{Heap before GC invocations=11 (full 1):
 PSYoungGen      total 30720K, used 30560K [0x00000000d6000000, 0x00000000d9180000, 0x0000000100000000)
  eden space 30208K, 100% used [0x00000000d6000000,0x00000000d7d80000,0x00000000d7d80000)
  from space 512K, 68% used [0x00000000d7e00000,0x00000000d7e58000,0x00000000d7e80000)
  to   space 10240K, 0% used [0x00000000d8780000,0x00000000d8780000,0x00000000d9180000)
 ParOldGen       total 41472K, used 5478K [0x0000000082000000, 0x0000000084880000, 0x00000000d6000000)
  object space 41472K, 13% used [0x0000000082000000,0x0000000082559a10,0x0000000084880000)
 Metaspace       used 21311K, capacity 21560K, committed 21808K, reserved 1069056K
  class space    used 2563K, capacity 2633K, committed 2688K, reserved 1048576K
Event: 301.471 GC heap after
Heap after GC invocations=11 (full 1):
 PSYoungGen      total 39424K, used 256K [0x00000000d6000000, 0x00000000d9100000, 0x0000000100000000)
  eden space 29696K, 0% used [0x00000000d6000000,0x00000000d6000000,0x00000000d7d00000)
  from space 9728K, 2% used [0x00000000d8780000,0x00000000d87c0000,0x00000000d9100000)
  to   space 10240K, 0% used [0x00000000d7d00000,0x00000000d7d00000,0x00000000d8700000)
 ParOldGen       total 41472K, used 5526K [0x0000000082000000, 0x0000000084880000, 0x00000000d6000000)
  object space 41472K, 13% used [0x0000000082000000,0x0000000082565a10,0x0000000084880000)
 Metaspace       used 21311K, capacity 21560K, committed 21808K, reserved 1069056K
  class space    used 2563K, capacity 2633K, committed 2688K, reserved 1048576K
}
Event: 382.966 GC heap before
{Heap before GC invocations=12 (full 1):
 PSYoungGen      total 39424K, used 29952K [0x00000000d6000000, 0x00000000d9100000, 0x0000000100000000)
  eden space 29696K, 100% used [0x00000000d6000000,0x00000000d7d00000,0x00000000d7d00000)
  from space 9728K, 2% used [0x00000000d8780000,0x00000000d87c0000,0x00000000d9100000)
  to   space 10240K, 0% used [0x00000000d7d00000,0x00000000d7d00000,0x00000000d8700000)
 ParOldGen       total 41472K, used 5526K [0x0000000082000000, 0x0000000084880000, 0x00000000d6000000)
  object space 41472K, 13% used [0x0000000082000000,0x0000000082565a10,0x0000000084880000)
 Metaspace       used 21340K, capacity 21560K, committed 21808K, reserved 1069056K
  class space    used 2563K, capacity 2633K, committed 2688K, reserved 1048576K
Event: 382.967 GC heap after
Heap after GC invocations=12 (full 1):
 PSYoungGen      total 29696K, used 288K [0x00000000d6000000, 0x00000000d9080000, 0x0000000100000000)
  eden space 29184K, 0% used [0x00000000d6000000,0x00000000d6000000,0x00000000d7c80000)
  from space 512K, 56% used [0x00000000d7d00000,0x00000000d7d48000,0x00000000d7d80000)
  to   space 10240K, 0% used [0x00000000d8680000,0x00000000d8680000,0x00000000d9080000)
 ParOldGen       total 41472K, used 5574K [0x0000000082000000, 0x0000000084880000, 0x00000000d6000000)
  object space 41472K, 13% used [0x0000000082000000,0x0000000082571a10,0x0000000084880000)
 Metaspace       used 21340K, capacity 21560K, committed 21808K, reserved 1069056K
  class space    used 2563K, capacity 2633K, committed 2688K, reserved 1048576K
}
Event: 434.129 GC heap before
{Heap before GC invocations=13 (full 1):
 PSYoungGen      total 29696K, used 29472K [0x00000000d6000000, 0x00000000d9080000, 0x0000000100000000)
  eden space 29184K, 100% used [0x00000000d6000000,0x00000000d7c80000,0x00000000d7c80000)
  from space 512K, 56% used [0x00000000d7d00000,0x00000000d7d48000,0x00000000d7d80000)
  to   space 10240K, 0% used [0x00000000d8680000,0x00000000d8680000,0x00000000d9080000)
 ParOldGen       total 41472K, used 5574K [0x0000000082000000, 0x0000000084880000, 0x00000000d6000000)
  object space 41472K, 13% used [0x0000000082000000,0x0000000082571a10,0x0000000084880000)
 Metaspace       used 21362K, capacity 21624K, committed 21808K, reserved 1069056K
  class space    used 2563K, capacity 2633K, committed 2688K, reserved 1048576K
Event: 434.130 GC heap after
Heap after GC invocations=13 (full 1):
 PSYoungGen      total 38400K, used 288K [0x00000000d6000000, 0x00000000d9000000, 0x0000000100000000)
  eden space 28672K, 0% used [0x00000000d6000000,0x00000000d6000000,0x00000000d7c00000)
  from space 9728K, 2% used [0x00000000d8680000,0x00000000d86c8000,0x00000000d9000000)
  to   space 10240K, 0% used [0x00000000d7c00000,0x00000000d7c00000,0x00000000d8600000)
 ParOldGen       total 41472K, used 5606K [0x0000000082000000, 0x0000000084880000, 0x00000000d6000000)
  object space 41472K, 13% used [0x0000000082000000,0x0000000082579a10,0x0000000084880000)
 Metaspace       used 21362K, capacity 21624K, committed 21808K, reserved 1069056K
  class space    used 2563K, capacity 2633K, committed 2688K, reserved 1048576K
}
Event: 489.702 GC heap before
{Heap before GC invocations=14 (full 1):
 PSYoungGen      total 38400K, used 28960K [0x00000000d6000000, 0x00000000d9000000, 0x0000000100000000)
  eden space 28672K, 100% used [0x00000000d6000000,0x00000000d7c00000,0x00000000d7c00000)
  from space 9728K, 2% used [0x00000000d8680000,0x00000000d86c8000,0x00000000d9000000)
  to   space 10240K, 0% used [0x00000000d7c00000,0x00000000d7c00000,0x00000000d8600000)
 ParOldGen       total 41472K, used 5606K [0x0000000082000000, 0x0000000084880000, 0x00000000d6000000)
  object space 41472K, 13% used [0x0000000082000000,0x0000000082579a10,0x0000000084880000)
 Metaspace       used 21379K, capacity 21624K, committed 21808K, reserved 1069056K
  class space    used 2563K, capacity 2633K, committed 2688K, reserved 1048576K
Event: 489.704 GC heap after
Heap after GC invocations=14 (full 1):
 PSYoungGen      total 28672K, used 288K [0x00000000d6000000, 0x00000000d8f80000, 0x0000000100000000)
  eden space 28160K, 0% used [0x00000000d6000000,0x00000000d6000000,0x00000000d7b80000)
  from space 512K, 56% used [0x00000000d7c00000,0x00000000d7c48000,0x00000000d7c80000)
  to   space 10240K, 0% used [0x00000000d8580000,0x00000000d8580000,0x00000000d8f80000)
 ParOldGen       total 41472K, used 5646K [0x0000000082000000, 0x0000000084880000, 0x00000000d6000000)
  object space 41472K, 13% used [0x0000000082000000,0x0000000082583a10,0x0000000084880000)
 Metaspace       used 21379K, capacity 21624K, committed 21808K, reserved 1069056K
  class space    used 2563K, capacity 2633K, committed 2688K, reserved 1048576K
}

